13:25:47 **** Build of configuration Release for project RBELib ****
make all 
Building file: ../src/CoProcessor/SetServo.c
Invoking: AVR Compiler
avr-gcc -I.././include -Wall -Os -fpack-struct -fshort-enums -ffunction-sections -fdata-sections -std=gnu99 -funsigned-char -funsigned-bitfields -mmcu=atmega644p -DF_CPU=18432000UL -MMD -MP -MF"src/CoProcessor/SetServo.d" -MT"src/CoProcessor/SetServo.d" -c -o "src/CoProcessor/SetServo.o" "../src/CoProcessor/SetServo.c"
Finished building: ../src/CoProcessor/SetServo.c
 
Building file: ../src/Debug.c
Invoking: AVR Compiler
avr-gcc -I.././include -Wall -Os -fpack-struct -fshort-enums -ffunction-sections -fdata-sections -std=gnu99 -funsigned-char -funsigned-bitfields -mmcu=atmega644p -DF_CPU=18432000UL -MMD -MP -MF"src/Debug.d" -MT"src/Debug.d" -c -o "src/Debug.o" "../src/Debug.c"
Finished building: ../src/Debug.c
 
Building target: libRBELib.a
Invoking: AVR Archiver
avr-ar -r  "libRBELib.a"  ./src/CoProcessor/SetServo.o  ./src/Debug.o  
c:\WinAVR-20100110\bin\avr-ar.exe: creating libRBELib.a
Finished building target: libRBELib.a
 
Invoking: AVR Create Extended Listing
avr-objdump -h -S libRBELib.a  >"libRBELib.lss"
Finished building: libRBELib.lss
 
Invoking: Print Size
avr-size --format=avr --mcu=atmega644p libRBELib.a
AVR Memory Usage
----------------
Device: atmega644p

Program:      20 bytes (0.0% Full)
(.text + .data + .bootloader)

Data:         20 bytes (0.5% Full)
(.data + .bss + .noinit)


AVR Memory Usage
----------------
Device: atmega644p

Program:       0 bytes (0.0% Full)
(.text + .data + .bootloader)

Data:          0 bytes (0.0% Full)
(.data + .bss + .noinit)


Finished building: sizedummy
 

13:25:48 Build Finished (took 1s.237ms)

